2018-04-23 20:54:25,089 - root - INFO - Start
2018-04-23 20:54:25,278 - root - INFO - STATUS 1:True cache_layer {'storage': <DictProxy object, typeid 'dict' at 0x103fa5160>}
2018-04-23 20:54:25,279 - root - INFO - STATUS 2:True legacy_api {'storage': <DictProxy object, typeid 'dict' at 0x103fa5160>}
2018-04-23 20:54:25,279 - root - INFO - STATUS 3:True parser_wrapper {'storage': <DictProxy object, typeid 'dict' at 0x103fa5160>, 'proxy': None, 'game': 'meta', 'market': 'currencies', 'drop_av': False, 'parser': <function currencies at 0x104835158>}
2018-04-23 20:54:25,279 - root - INFO - STATUS 4:True parser_wrapper {'storage': <DictProxy object, typeid 'dict' at 0x103fa5160>, 'proxy': None, 'game': 'dota2', 'market': 'opskins.com', 'parser': <function opskins at 0x105015ae8>}
2018-04-23 20:54:25,280 - root - INFO - STATUS 5:True parser_wrapper {'storage': <DictProxy object, typeid 'dict' at 0x103fa5160>, 'proxy': None, 'game': 'dota2', 'market': 'dota.money', 'parser': <function dotamoney at 0x105015b70>}
2018-04-23 20:54:25,280 - root - INFO - STATUS 6:True parser_wrapper {'storage': <DictProxy object, typeid 'dict' at 0x103fa5160>, 'proxy': None, 'bs-token': <pyotp.totp.TOTP object at 0x10344bb38>, 'bs-api-key': '6651e3e2-5842-4538-8b91-12f67211fabe', 'game': 'dota2', 'market': 'bitskins.com', 'sale_purchase': False, 'parser': <function bitskins at 0x105015bf8>}
2018-04-23 20:54:25,280 - root - INFO - STATUS 7:True parser_wrapper {'storage': <DictProxy object, typeid 'dict' at 0x103fa5160>, 'proxy': None, 'game': 'dota2', 'market': 'loot.farm', 'parser': <function lootfarm at 0x105015c80>}
2018-04-23 20:54:25,280 - root - INFO - STATUS 8:True parser_wrapper {'storage': <DictProxy object, typeid 'dict' at 0x103fa5160>, 'proxy': None, 'game': 'dota2', 'market': 'tradeit.gg', 'parser': <function tradeit at 0x105015d08>}
2018-04-23 20:54:25,280 - root - INFO - STATUS 9:True parser_wrapper {'storage': <DictProxy object, typeid 'dict' at 0x103fa5160>, 'proxy': None, 'game': 'pubg', 'market': 'loot.farm', 'parser': <function lootfarm at 0x105015d90>}
2018-04-23 20:54:25,280 - root - INFO - STATUS 10:True parser_wrapper {'storage': <DictProxy object, typeid 'dict' at 0x103fa5160>, 'game': 'pubg', 'market': 'c5game.com', 'parser': <function c5game at 0x105015ea0>, 'sale_purchase': True, 'proxy': 'Dqjyqm:aDHhft@185.232.171.109:9137'}
2018-04-23 20:54:25,280 - root - INFO - STATUS 11:True parser_wrapper {'storage': <DictProxy object, typeid 'dict' at 0x103fa5160>, 'proxy': None, 'game': 'pubg', 'market': 'opskins.com', 'parser': <function opskins at 0x1050220d0>}
2018-04-23 20:54:25,280 - root - INFO - STATUS 12:True parser_wrapper {'storage': <DictProxy object, typeid 'dict' at 0x103fa5160>, 'proxy': None, 'game': 'pubg', 'market': 'tradeit.gg', 'parser': <function tradeit at 0x1050221e0>}
2018-04-23 20:54:25,280 - root - INFO - STATUS 13:True parser_wrapper {'storage': <DictProxy object, typeid 'dict' at 0x103fa5160>, 'proxy': None, 'game': 'pubg', 'market': 'swap.gg', 'parser': <function swapgg at 0x105022268>}
2018-04-23 20:54:25,280 - root - INFO - STATUS 14:True parser_wrapper {'storage': <DictProxy object, typeid 'dict' at 0x103fa5160>, 'proxy': None, 'bs-token': <pyotp.totp.TOTP object at 0x10344bb38>, 'bs-api-key': '6651e3e2-5842-4538-8b91-12f67211fabe', 'game': 'pubg', 'market': 'bitskins.com', 'sale_purchase': False, 'parser': <function bitskins at 0x1050222f0>}
2018-04-23 20:54:25,281 - root - INFO - STATUS 15:True parser_wrapper {'storage': <DictProxy object, typeid 'dict' at 0x103fa5160>, 'game': 'h1z1', 'market': 'c5game.com', 'parser': <function c5game at 0x105022400>, 'sale_purchase': True, 'proxy': 'Dqjyqm:aDHhft@185.232.171.109:9137'}
2018-04-23 20:54:25,281 - root - INFO - STATUS 16:True parser_wrapper {'storage': <DictProxy object, typeid 'dict' at 0x103fa5160>, 'proxy': None, 'game': 'h1z1', 'market': 'opskins.com', 'parser': <function opskins at 0x105022378>}
2018-04-23 20:54:25,281 - root - INFO - STATUS 17:True parser_wrapper {'storage': <DictProxy object, typeid 'dict' at 0x103fa5160>, 'proxy': None, 'game': 'h1z1', 'market': 'tradeit.gg', 'parser': <function tradeit at 0x105022598>}
2018-04-23 20:54:25,281 - root - INFO - STATUS 18:True parser_wrapper {'storage': <DictProxy object, typeid 'dict' at 0x103fa5160>, 'proxy': None, 'game': 'h1z1', 'market': 'swap.gg', 'parser': <function swapgg at 0x105022620>}
2018-04-23 20:54:25,651 - root - INFO - No CNY
2018-04-23 20:54:25,651 - root - INFO - 0.086 	 pubg:c5game.com upd loaded
2018-04-23 20:54:25,651 - root - INFO - No CNY
2018-04-23 20:54:25,652 - root - INFO - 0.059 	 h1z1:c5game.com upd loaded
2018-04-23 20:54:25,656 - root - INFO - 0.000 	 pubg:c5game.com av dropped
2018-04-23 20:54:25,657 - root - INFO - 0.000 	 h1z1:c5game.com av dropped
2018-04-23 20:54:25,660 - root - INFO - 0.004 	 pubg:c5game.com server cache updated
2018-04-23 20:54:25,661 - root - INFO - 0.003 	 h1z1:c5game.com server cache updated
2018-04-23 20:54:25,664 - root - INFO - 0.003 	 pubg:c5game.com last time updated
2018-04-23 20:54:25,665 - root - INFO - 0.003 	 h1z1:c5game.com last time updated
2018-04-23 20:54:25,792 - root - INFO - 0.268 	 meta:currencies upd loaded
2018-04-23 20:54:25,814 - root - INFO - 0.003 	 meta:currencies server cache updated
2018-04-23 20:54:25,817 - root - INFO - 0.003 	 meta:currencies last time updated
2018-04-23 20:54:25,889 - root - INFO - 0.305 	 h1z1:opskins.com upd loaded
2018-04-23 20:54:25,894 - root - INFO - 0.000 	 h1z1:opskins.com av dropped
2018-04-23 20:54:25,895 - root - INFO - 0.327 	 pubg:opskins.com upd loaded
2018-04-23 20:54:25,896 - root - INFO - 0.336 	 pubg:loot.farm upd loaded
2018-04-23 20:54:25,901 - root - INFO - 0.006 	 h1z1:opskins.com server cache updated
2018-04-23 20:54:25,904 - root - INFO - 0.000 	 pubg:opskins.com av dropped
2018-04-23 20:54:25,904 - root - INFO - 0.000 	 pubg:loot.farm av dropped
2018-04-23 20:54:25,910 - root - INFO - 0.009 	 h1z1:opskins.com last time updated
2018-04-23 20:54:25,912 - root - INFO - 0.008 	 pubg:opskins.com server cache updated
2018-04-23 20:54:25,919 - root - INFO - 0.014 	 pubg:loot.farm server cache updated
2018-04-23 20:54:25,921 - root - INFO - 0.008 	 pubg:opskins.com last time updated
2018-04-23 20:54:25,923 - root - INFO - 0.004 	 pubg:loot.farm last time updated
2018-04-23 20:54:26,184 - root - INFO - 0.607 	 pubg:bitskins.com upd loaded
2018-04-23 20:54:26,211 - root - INFO - 0.000 	 pubg:bitskins.com av dropped
2018-04-23 20:54:26,220 - root - INFO - 0.008 	 pubg:bitskins.com server cache updated
2018-04-23 20:54:26,224 - root - INFO - 0.004 	 pubg:bitskins.com last time updated
2018-04-23 20:54:26,272 - root - INFO - 0.746 	 dota2:opskins.com upd loaded
2018-04-23 20:54:26,275 - root - INFO - 0.000 	 dota2:opskins.com av dropped
2018-04-23 20:54:26,324 - root - INFO - 0.048 	 dota2:opskins.com server cache updated
2018-04-23 20:54:26,327 - root - INFO - 0.003 	 dota2:opskins.com last time updated
2018-04-23 20:54:26,789 - root - INFO - 1.236 	 dota2:loot.farm upd loaded
2018-04-23 20:54:26,871 - root - INFO - 0.007 	 dota2:loot.farm av dropped
2018-04-23 20:54:27,003 - root - INFO - 0.132 	 dota2:loot.farm server cache updated
2018-04-23 20:54:27,007 - root - INFO - 0.003 	 dota2:loot.farm last time updated
2018-04-23 20:54:29,064 - root - INFO - 3.522 	 dota2:bitskins.com upd loaded
2018-04-23 20:54:29,167 - root - INFO - 0.006 	 dota2:bitskins.com av dropped
2018-04-23 20:54:29,302 - root - INFO - 0.135 	 dota2:bitskins.com server cache updated
2018-04-23 20:54:29,308 - root - INFO - 0.006 	 dota2:bitskins.com last time updated
2018-04-23 20:54:31,131 - root - INFO - 5.599 	 dota2:dota.money upd loaded
2018-04-23 20:54:31,311 - root - INFO - 0.008 	 dota2:dota.money av dropped
2018-04-23 20:54:31,403 - root - INFO - 0.092 	 dota2:dota.money server cache updated
2018-04-23 20:54:31,484 - root - INFO - 0.080 	 dota2:dota.money last time updated
2018-04-23 20:54:32,135 - root - INFO - 0.909 	 pubg:bitskins.com upd loaded
2018-04-23 20:54:32,142 - root - INFO - 0.000 	 pubg:bitskins.com av dropped
2018-04-23 20:54:32,148 - root - INFO - 0.006 	 pubg:bitskins.com server cache updated
2018-04-23 20:54:32,152 - root - INFO - 0.003 	 pubg:bitskins.com last time updated
2018-04-23 20:54:32,926 - root - INFO - 0.919 	 dota2:loot.farm upd loaded
2018-04-23 20:54:33,102 - root - INFO - 0.004 	 dota2:loot.farm av dropped
2018-04-23 20:54:33,208 - root - INFO - 0.106 	 dota2:loot.farm server cache updated
2018-04-23 20:54:33,213 - root - INFO - 0.005 	 dota2:loot.farm last time updated
2018-04-23 20:54:34,295 - root - INFO - 8.715 	 pubg:swap.gg upd loaded
2018-04-23 20:54:34,316 - root - INFO - 0.000 	 pubg:swap.gg av dropped
2018-04-23 20:54:34,321 - root - INFO - 0.005 	 pubg:swap.gg server cache updated
2018-04-23 20:54:34,326 - root - INFO - 0.005 	 pubg:swap.gg last time updated
2018-04-23 20:54:34,327 - root - INFO - 8.743 	 h1z1:swap.gg upd loaded
2018-04-23 20:54:34,347 - root - INFO - 0.000 	 h1z1:swap.gg av dropped
2018-04-23 20:54:34,354 - root - INFO - 0.006 	 h1z1:swap.gg server cache updated
2018-04-23 20:54:34,357 - root - INFO - 0.003 	 h1z1:swap.gg last time updated
2018-04-23 20:54:34,566 - root - INFO - 3.890 	 h1z1:c5game.com pages links generated
2018-04-23 20:54:34,769 - root - INFO - 4.094 	 pubg:c5game.com pages links generated
2018-04-23 20:54:37,478 - root - INFO - 3.169 	 dota2:bitskins.com upd loaded
2018-04-23 20:54:37,637 - root - INFO - 0.005 	 dota2:bitskins.com av dropped
2018-04-23 20:54:37,747 - root - INFO - 0.110 	 dota2:bitskins.com server cache updated
2018-04-23 20:54:37,752 - root - INFO - 0.004 	 dota2:bitskins.com last time updated
2018-04-23 20:54:39,031 - root - INFO - 0.817 	 dota2:loot.farm upd loaded
2018-04-23 20:54:39,215 - root - INFO - 2.061 	 pubg:bitskins.com upd loaded
2018-04-23 20:54:39,226 - root - INFO - 0.000 	 pubg:bitskins.com av dropped
2018-04-23 20:54:39,236 - root - INFO - 0.010 	 pubg:bitskins.com server cache updated
2018-04-23 20:54:39,244 - root - INFO - 0.007 	 pubg:bitskins.com last time updated
2018-04-23 20:54:39,280 - root - INFO - 0.018 	 dota2:loot.farm av dropped
2018-04-23 20:54:39,385 - root - INFO - 0.104 	 dota2:loot.farm server cache updated
2018-04-23 20:54:39,389 - root - INFO - 0.004 	 dota2:loot.farm last time updated
2018-04-23 20:54:40,115 - root - INFO - 9.450 	 pubg:c5game.com upd loaded
2018-04-23 20:54:40,125 - root - INFO - 0.001 	 pubg:c5game.com av dropped
2018-04-23 20:54:40,142 - root - INFO - 0.016 	 pubg:c5game.com server cache updated
2018-04-23 20:54:40,146 - root - INFO - 0.004 	 pubg:c5game.com last time updated
2018-04-23 20:54:40,859 - root - INFO - 10.194 	 h1z1:c5game.com upd loaded
2018-04-23 20:54:40,867 - root - INFO - 0.001 	 h1z1:c5game.com av dropped
2018-04-23 20:54:40,884 - root - INFO - 0.017 	 h1z1:c5game.com server cache updated
2018-04-23 20:54:40,887 - root - INFO - 0.003 	 h1z1:c5game.com last time updated
2018-04-23 20:54:45,362 - root - INFO - 0.972 	 dota2:loot.farm upd loaded
2018-04-23 20:54:45,476 - root - INFO - 1.232 	 pubg:bitskins.com upd loaded
2018-04-23 20:54:45,489 - root - INFO - 0.000 	 pubg:bitskins.com av dropped
2018-04-23 20:54:45,497 - root - INFO - 0.008 	 pubg:bitskins.com server cache updated
2018-04-23 20:54:45,500 - root - INFO - 0.003 	 pubg:bitskins.com last time updated
2018-04-23 20:54:45,531 - root - INFO - 0.004 	 dota2:loot.farm av dropped
2018-04-23 20:54:45,630 - root - INFO - 0.099 	 dota2:loot.farm server cache updated
2018-04-23 20:54:45,635 - root - INFO - 0.004 	 dota2:loot.farm last time updated
2018-04-23 20:54:45,955 - root - ERROR - ('Connection aborted.', RemoteDisconnected('Remote end closed connection without response',))
Traceback (most recent call last):
  File "/Users/yzinets/Desktop/tradehub/core/venv/lib/python3.6/site-packages/requests/packages/urllib3/connectionpool.py", line 385, in _make_request
    httplib_response = conn.getresponse(buffering=True)
TypeError: getresponse() got an unexpected keyword argument 'buffering'

During handling of the above exception, another exception occurred:

Traceback (most recent call last):
  File "/Users/yzinets/Desktop/tradehub/core/venv/lib/python3.6/site-packages/requests/packages/urllib3/connectionpool.py", line 578, in urlopen
    chunked=chunked)
  File "/Users/yzinets/Desktop/tradehub/core/venv/lib/python3.6/site-packages/requests/packages/urllib3/connectionpool.py", line 387, in _make_request
    httplib_response = conn.getresponse()
  File "/usr/local/Cellar/python/3.6.4_3/Frameworks/Python.framework/Versions/3.6/lib/python3.6/http/client.py", line 1331, in getresponse
    response.begin()
  File "/usr/local/Cellar/python/3.6.4_3/Frameworks/Python.framework/Versions/3.6/lib/python3.6/http/client.py", line 297, in begin
    version, status, reason = self._read_status()
  File "/usr/local/Cellar/python/3.6.4_3/Frameworks/Python.framework/Versions/3.6/lib/python3.6/http/client.py", line 266, in _read_status
    raise RemoteDisconnected("Remote end closed connection without"
http.client.RemoteDisconnected: Remote end closed connection without response

During handling of the above exception, another exception occurred:

Traceback (most recent call last):
  File "/Users/yzinets/Desktop/tradehub/core/venv/lib/python3.6/site-packages/requests/adapters.py", line 403, in send
    timeout=timeout
  File "/Users/yzinets/Desktop/tradehub/core/venv/lib/python3.6/site-packages/requests/packages/urllib3/connectionpool.py", line 623, in urlopen
    _stacktrace=sys.exc_info()[2])
  File "/Users/yzinets/Desktop/tradehub/core/venv/lib/python3.6/site-packages/requests/packages/urllib3/util/retry.py", line 255, in increment
    raise six.reraise(type(error), error, _stacktrace)
  File "/Users/yzinets/Desktop/tradehub/core/venv/lib/python3.6/site-packages/requests/packages/urllib3/packages/six.py", line 309, in reraise
    raise value.with_traceback(tb)
  File "/Users/yzinets/Desktop/tradehub/core/venv/lib/python3.6/site-packages/requests/packages/urllib3/connectionpool.py", line 578, in urlopen
    chunked=chunked)
  File "/Users/yzinets/Desktop/tradehub/core/venv/lib/python3.6/site-packages/requests/packages/urllib3/connectionpool.py", line 387, in _make_request
    httplib_response = conn.getresponse()
  File "/usr/local/Cellar/python/3.6.4_3/Frameworks/Python.framework/Versions/3.6/lib/python3.6/http/client.py", line 1331, in getresponse
    response.begin()
  File "/usr/local/Cellar/python/3.6.4_3/Frameworks/Python.framework/Versions/3.6/lib/python3.6/http/client.py", line 297, in begin
    version, status, reason = self._read_status()
  File "/usr/local/Cellar/python/3.6.4_3/Frameworks/Python.framework/Versions/3.6/lib/python3.6/http/client.py", line 266, in _read_status
    raise RemoteDisconnected("Remote end closed connection without"
requests.packages.urllib3.exceptions.ProtocolError: ('Connection aborted.', RemoteDisconnected('Remote end closed connection without response',))

During handling of the above exception, another exception occurred:

Traceback (most recent call last):
  File "src/processes/parser_wrapper.py", line 41, in parser_wrapper
    upd = parser(kwargs, scraper)
  File "src/parsers/pubg/lootfarm.py", line 8, in lootfarm
    resp = scraper.get('https://loot.farm/fullpricePUBG.json')
  File "/Users/yzinets/Desktop/tradehub/core/venv/lib/python3.6/site-packages/requests/sessions.py", line 487, in get
    return self.request('GET', url, **kwargs)
  File "/Users/yzinets/Desktop/tradehub/core/venv/lib/python3.6/site-packages/cfscrape/__init__.py", line 62, in request
    resp = super(CloudflareScraper, self).request(method, url, *args, **kwargs)
  File "/Users/yzinets/Desktop/tradehub/core/venv/lib/python3.6/site-packages/requests/sessions.py", line 475, in request
    resp = self.send(prep, **send_kwargs)
  File "/Users/yzinets/Desktop/tradehub/core/venv/lib/python3.6/site-packages/requests/sessions.py", line 585, in send
    r = adapter.send(request, **kwargs)
  File "/Users/yzinets/Desktop/tradehub/core/venv/lib/python3.6/site-packages/requests/adapters.py", line 453, in send
    raise ConnectionError(err, request=request)
requests.exceptions.ConnectionError: ('Connection aborted.', RemoteDisconnected('Remote end closed connection without response',))
2018-04-23 20:54:46,077 - root - INFO - 0.156 	 pubg:opskins.com upd loaded
2018-04-23 20:54:46,089 - root - INFO - 0.000 	 pubg:opskins.com av dropped
2018-04-23 20:54:46,096 - root - INFO - 0.007 	 pubg:opskins.com server cache updated
2018-04-23 20:54:46,099 - root - INFO - 0.003 	 pubg:opskins.com last time updated
2018-04-23 20:54:46,200 - root - INFO - 9.715 	 dota2:dota.money upd loaded
2018-04-23 20:54:46,360 - root - INFO - 0.007 	 dota2:dota.money av dropped
2018-04-23 20:54:46,456 - root - INFO - 1.301 	 pubg:c5game.com pages links generated
2018-04-23 20:54:46,461 - root - INFO - 0.101 	 dota2:dota.money server cache updated
2018-04-23 20:54:46,467 - root - INFO - 0.006 	 dota2:dota.money last time updated
2018-04-23 20:54:46,634 - root - INFO - 3.882 	 dota2:bitskins.com upd loaded
2018-04-23 20:54:46,809 - root - INFO - 0.010 	 dota2:bitskins.com av dropped
2018-04-23 20:54:46,916 - root - INFO - 0.106 	 dota2:bitskins.com server cache updated
2018-04-23 20:54:46,920 - root - INFO - 0.004 	 dota2:bitskins.com last time updated
2018-04-23 20:54:47,017 - root - INFO - 1.122 	 h1z1:c5game.com pages links generated
2018-04-23 20:54:47,356 - root - INFO - 1.028 	 dota2:opskins.com upd loaded
2018-04-23 20:54:47,514 - root - INFO - 0.002 	 dota2:opskins.com av dropped
2018-04-23 20:54:47,619 - root - INFO - 0.105 	 dota2:opskins.com server cache updated
2018-04-23 20:54:47,624 - root - INFO - 0.005 	 dota2:opskins.com last time updated
2018-04-23 20:54:50,134 - root - INFO - 4.987 	 pubg:c5game.com upd loaded
2018-04-23 20:54:50,147 - root - INFO - 0.000 	 pubg:c5game.com av dropped
2018-04-23 20:54:50,160 - root - INFO - 0.012 	 pubg:c5game.com server cache updated
2018-04-23 20:54:50,164 - root - INFO - 0.004 	 pubg:c5game.com last time updated
2018-04-23 20:54:51,450 - root - INFO - 0.950 	 pubg:bitskins.com upd loaded
2018-04-23 20:54:51,460 - root - INFO - 0.000 	 pubg:bitskins.com av dropped
2018-04-23 20:54:51,468 - root - INFO - 0.007 	 pubg:bitskins.com server cache updated
2018-04-23 20:54:51,471 - root - INFO - 0.003 	 pubg:bitskins.com last time updated
2018-04-23 20:54:51,544 - root - INFO - 0.909 	 dota2:loot.farm upd loaded
2018-04-23 20:54:51,723 - root - INFO - 0.004 	 dota2:loot.farm av dropped
2018-04-23 20:54:51,791 - root - INFO - 5.904 	 h1z1:c5game.com upd loaded
2018-04-23 20:54:51,816 - root - INFO - 0.093 	 dota2:loot.farm server cache updated
2018-04-23 20:54:51,823 - root - INFO - 0.007 	 dota2:loot.farm last time updated
2018-04-23 20:54:51,832 - root - INFO - 0.001 	 h1z1:c5game.com av dropped
2018-04-23 20:54:51,848 - root - INFO - 0.016 	 h1z1:c5game.com server cache updated
2018-04-23 20:54:51,852 - root - INFO - 0.003 	 h1z1:c5game.com last time updated
2018-04-23 20:54:53,179 - root - INFO - 27.603 	 pubg:tradeit.gg upd loaded
2018-04-23 20:54:53,209 - root - INFO - 0.000 	 pubg:tradeit.gg av dropped
2018-04-23 20:54:53,221 - root - INFO - 0.011 	 pubg:tradeit.gg server cache updated
2018-04-23 20:54:53,229 - root - INFO - 0.008 	 pubg:tradeit.gg last time updated
2018-04-23 20:54:53,714 - root - INFO - 28.130 	 h1z1:tradeit.gg upd loaded
2018-04-23 20:54:53,741 - root - INFO - 0.000 	 h1z1:tradeit.gg av dropped
2018-04-23 20:54:53,749 - root - INFO - 0.007 	 h1z1:tradeit.gg server cache updated
2018-04-23 20:54:53,752 - root - INFO - 0.003 	 h1z1:tradeit.gg last time updated
2018-04-23 20:54:54,012 - root - INFO - 2.091 	 dota2:bitskins.com upd loaded
2018-04-23 20:54:54,053 - root - INFO - 28.497 	 dota2:tradeit.gg upd loaded
2018-04-23 20:54:54,185 - root - INFO - 0.005 	 dota2:bitskins.com av dropped
2018-04-23 20:54:54,258 - root - INFO - 0.006 	 dota2:tradeit.gg av dropped
2018-04-23 20:54:54,295 - root - INFO - 0.109 	 dota2:bitskins.com server cache updated
2018-04-23 20:54:54,375 - root - INFO - 0.117 	 dota2:tradeit.gg server cache updated
2018-04-23 20:54:54,378 - root - INFO - 0.082 	 dota2:bitskins.com last time updated
2018-04-23 20:54:54,379 - root - INFO - 0.004 	 dota2:tradeit.gg last time updated
2018-04-23 20:54:54,780 - root - INFO - 3.312 	 dota2:dota.money upd loaded
2018-04-23 20:54:54,984 - root - INFO - 0.007 	 dota2:dota.money av dropped
2018-04-23 20:54:55,065 - root - INFO - 0.081 	 dota2:dota.money server cache updated
2018-04-23 20:54:55,069 - root - INFO - 0.004 	 dota2:dota.money last time updated
2018-04-23 20:54:55,286 - root - INFO - STATUS 1:True cache_layer {'storage': <DictProxy object, typeid 'dict' at 0x103fa5160>}
2018-04-23 20:54:55,286 - root - INFO - STATUS 2:True legacy_api {'storage': <DictProxy object, typeid 'dict' at 0x103fa5160>}
2018-04-23 20:54:55,287 - root - INFO - STATUS 3:True parser_wrapper {'storage': <DictProxy object, typeid 'dict' at 0x103fa5160>, 'proxy': None, 'game': 'meta', 'market': 'currencies', 'drop_av': False, 'parser': <function currencies at 0x104835158>}
2018-04-23 20:54:55,287 - root - INFO - STATUS 4:True parser_wrapper {'storage': <DictProxy object, typeid 'dict' at 0x103fa5160>, 'proxy': None, 'game': 'dota2', 'market': 'opskins.com', 'parser': <function opskins at 0x105015ae8>}
2018-04-23 20:54:55,287 - root - INFO - STATUS 5:True parser_wrapper {'storage': <DictProxy object, typeid 'dict' at 0x103fa5160>, 'proxy': None, 'game': 'dota2', 'market': 'dota.money', 'parser': <function dotamoney at 0x105015b70>}
2018-04-23 20:54:55,287 - root - INFO - STATUS 6:True parser_wrapper {'storage': <DictProxy object, typeid 'dict' at 0x103fa5160>, 'proxy': None, 'bs-token': <pyotp.totp.TOTP object at 0x10344bb38>, 'bs-api-key': '6651e3e2-5842-4538-8b91-12f67211fabe', 'game': 'dota2', 'market': 'bitskins.com', 'sale_purchase': False, 'parser': <function bitskins at 0x105015bf8>}
2018-04-23 20:54:55,287 - root - INFO - STATUS 7:True parser_wrapper {'storage': <DictProxy object, typeid 'dict' at 0x103fa5160>, 'proxy': None, 'game': 'dota2', 'market': 'loot.farm', 'parser': <function lootfarm at 0x105015c80>}
2018-04-23 20:54:55,288 - root - INFO - STATUS 8:True parser_wrapper {'storage': <DictProxy object, typeid 'dict' at 0x103fa5160>, 'proxy': None, 'game': 'dota2', 'market': 'tradeit.gg', 'parser': <function tradeit at 0x105015d08>}
2018-04-23 20:54:55,288 - root - INFO - STATUS 9:True parser_wrapper {'storage': <DictProxy object, typeid 'dict' at 0x103fa5160>, 'proxy': None, 'game': 'pubg', 'market': 'loot.farm', 'parser': <function lootfarm at 0x105015d90>}
2018-04-23 20:54:55,288 - root - INFO - STATUS 10:True parser_wrapper {'storage': <DictProxy object, typeid 'dict' at 0x103fa5160>, 'game': 'pubg', 'market': 'c5game.com', 'parser': <function c5game at 0x105015ea0>, 'sale_purchase': True, 'proxy': 'Dqjyqm:aDHhft@185.232.171.109:9137'}
2018-04-23 20:54:55,288 - root - INFO - STATUS 11:True parser_wrapper {'storage': <DictProxy object, typeid 'dict' at 0x103fa5160>, 'proxy': None, 'game': 'pubg', 'market': 'opskins.com', 'parser': <function opskins at 0x1050220d0>}
2018-04-23 20:54:55,288 - root - INFO - STATUS 12:True parser_wrapper {'storage': <DictProxy object, typeid 'dict' at 0x103fa5160>, 'proxy': None, 'game': 'pubg', 'market': 'tradeit.gg', 'parser': <function tradeit at 0x1050221e0>}
2018-04-23 20:54:55,288 - root - INFO - STATUS 13:True parser_wrapper {'storage': <DictProxy object, typeid 'dict' at 0x103fa5160>, 'proxy': None, 'game': 'pubg', 'market': 'swap.gg', 'parser': <function swapgg at 0x105022268>}
2018-04-23 20:54:55,289 - root - INFO - STATUS 14:True parser_wrapper {'storage': <DictProxy object, typeid 'dict' at 0x103fa5160>, 'proxy': None, 'bs-token': <pyotp.totp.TOTP object at 0x10344bb38>, 'bs-api-key': '6651e3e2-5842-4538-8b91-12f67211fabe', 'game': 'pubg', 'market': 'bitskins.com', 'sale_purchase': False, 'parser': <function bitskins at 0x1050222f0>}
2018-04-23 20:54:55,289 - root - INFO - STATUS 15:True parser_wrapper {'storage': <DictProxy object, typeid 'dict' at 0x103fa5160>, 'game': 'h1z1', 'market': 'c5game.com', 'parser': <function c5game at 0x105022400>, 'sale_purchase': True, 'proxy': 'Dqjyqm:aDHhft@185.232.171.109:9137'}
2018-04-23 20:54:55,289 - root - INFO - STATUS 16:True parser_wrapper {'storage': <DictProxy object, typeid 'dict' at 0x103fa5160>, 'proxy': None, 'game': 'h1z1', 'market': 'opskins.com', 'parser': <function opskins at 0x105022378>}
2018-04-23 20:54:55,289 - root - INFO - STATUS 17:True parser_wrapper {'storage': <DictProxy object, typeid 'dict' at 0x103fa5160>, 'proxy': None, 'game': 'h1z1', 'market': 'tradeit.gg', 'parser': <function tradeit at 0x105022598>}
2018-04-23 20:54:55,290 - root - INFO - STATUS 18:True parser_wrapper {'storage': <DictProxy object, typeid 'dict' at 0x103fa5160>, 'proxy': None, 'game': 'h1z1', 'market': 'swap.gg', 'parser': <function swapgg at 0x105022620>}
2018-04-23 20:54:56,035 - root - INFO - 0.123 	 h1z1:opskins.com upd loaded
2018-04-23 20:54:56,052 - root - INFO - 0.000 	 h1z1:opskins.com av dropped
2018-04-23 20:54:56,061 - root - INFO - 0.008 	 h1z1:opskins.com server cache updated
2018-04-23 20:54:56,064 - root - INFO - 0.003 	 h1z1:opskins.com last time updated
2018-04-23 20:54:56,373 - root - INFO - 1.203 	 pubg:c5game.com pages links generated
2018-04-23 20:54:57,380 - root - INFO - 0.909 	 pubg:bitskins.com upd loaded
2018-04-23 20:54:57,392 - root - INFO - 0.000 	 pubg:bitskins.com av dropped
2018-04-23 20:54:57,400 - root - INFO - 0.007 	 pubg:bitskins.com server cache updated
2018-04-23 20:54:57,402 - root - INFO - 0.003 	 pubg:bitskins.com last time updated
2018-04-23 20:54:57,762 - root - INFO - 0.937 	 dota2:loot.farm upd loaded
2018-04-23 20:54:57,978 - root - INFO - 0.005 	 dota2:loot.farm av dropped
2018-04-23 20:54:58,076 - root - INFO - 0.097 	 dota2:loot.farm server cache updated
2018-04-23 20:54:58,081 - root - INFO - 0.005 	 dota2:loot.farm last time updated
2018-04-23 20:54:58,093 - root - INFO - 1.233 	 h1z1:c5game.com pages links generated
2018-04-23 20:54:58,177 - root - INFO - 3.819 	 h1z1:swap.gg upd loaded
2018-04-23 20:54:58,192 - root - INFO - 0.000 	 h1z1:swap.gg av dropped
2018-04-23 20:54:58,200 - root - INFO - 0.007 	 h1z1:swap.gg server cache updated
2018-04-23 20:54:58,203 - root - INFO - 0.002 	 h1z1:swap.gg last time updated
2018-04-23 20:54:58,427 - root - INFO - 4.100 	 pubg:swap.gg upd loaded
2018-04-23 20:54:58,438 - root - INFO - 0.000 	 pubg:swap.gg av dropped
2018-04-23 20:54:58,444 - root - INFO - 0.005 	 pubg:swap.gg server cache updated
2018-04-23 20:54:58,447 - root - INFO - 0.003 	 pubg:swap.gg last time updated
2018-04-23 20:54:59,829 - root - INFO - 4.664 	 pubg:c5game.com upd loaded
2018-04-23 20:54:59,845 - root - INFO - 0.001 	 pubg:c5game.com av dropped
2018-04-23 20:54:59,858 - root - INFO - 0.013 	 pubg:c5game.com server cache updated
2018-04-23 20:54:59,862 - root - INFO - 0.003 	 pubg:c5game.com last time updated
2018-04-23 20:55:02,684 - root - INFO - 3.306 	 dota2:bitskins.com upd loaded
2018-04-23 20:55:02,842 - root - INFO - 5.989 	 h1z1:c5game.com upd loaded
2018-04-23 20:55:02,867 - root - INFO - 0.002 	 h1z1:c5game.com av dropped
2018-04-23 20:55:02,890 - root - INFO - 0.022 	 h1z1:c5game.com server cache updated
2018-04-23 20:55:02,895 - root - INFO - 0.004 	 h1z1:c5game.com last time updated
2018-04-23 20:55:02,985 - root - INFO - 0.006 	 dota2:bitskins.com av dropped
2018-04-23 20:55:03,133 - root - INFO - 0.147 	 dota2:bitskins.com server cache updated
2018-04-23 20:55:03,139 - root - INFO - 0.006 	 dota2:bitskins.com last time updated
2018-04-23 20:55:03,347 - root - INFO - 0.944 	 pubg:bitskins.com upd loaded
2018-04-23 20:55:03,360 - root - INFO - 0.000 	 pubg:bitskins.com av dropped
2018-04-23 20:55:03,368 - root - INFO - 0.007 	 pubg:bitskins.com server cache updated
2018-04-23 20:55:03,371 - root - INFO - 0.003 	 pubg:bitskins.com last time updated
2018-04-23 20:55:03,837 - root - INFO - 0.756 	 dota2:loot.farm upd loaded
2018-04-23 20:55:04,034 - root - INFO - 0.005 	 dota2:loot.farm av dropped
2018-04-23 20:55:04,130 - root - INFO - 0.096 	 dota2:loot.farm server cache updated
2018-04-23 20:55:04,135 - root - INFO - 0.005 	 dota2:loot.farm last time updated
2018-04-23 20:55:06,010 - root - INFO - 1.144 	 pubg:c5game.com pages links generated
2018-04-23 20:55:06,338 - root - INFO - 0.238 	 pubg:opskins.com upd loaded
2018-04-23 20:55:06,350 - root - INFO - 0.000 	 pubg:opskins.com av dropped
2018-04-23 20:55:06,358 - root - INFO - 0.008 	 pubg:opskins.com server cache updated
2018-04-23 20:55:06,361 - root - INFO - 0.003 	 pubg:opskins.com last time updated
2018-04-23 20:55:06,599 - root - INFO - 6.529 	 dota2:dota.money upd loaded
2018-04-23 20:55:06,798 - root - INFO - 0.007 	 dota2:dota.money av dropped
2018-04-23 20:55:06,878 - root - INFO - 0.080 	 dota2:dota.money server cache updated
2018-04-23 20:55:06,882 - root - INFO - 0.004 	 dota2:dota.money last time updated
2018-04-23 20:55:08,643 - root - INFO - 1.018 	 dota2:opskins.com upd loaded
2018-04-23 20:55:08,956 - root - INFO - 0.002 	 dota2:opskins.com av dropped
2018-04-23 20:55:09,087 - root - INFO - 0.131 	 dota2:opskins.com server cache updated
2018-04-23 20:55:09,091 - root - INFO - 0.004 	 dota2:opskins.com last time updated
2018-04-23 20:55:09,146 - root - INFO - 1.246 	 h1z1:c5game.com pages links generated
2018-04-23 20:55:09,215 - root - INFO - 0.844 	 pubg:bitskins.com upd loaded
2018-04-23 20:55:09,235 - root - INFO - 0.000 	 pubg:bitskins.com av dropped
2018-04-23 20:55:09,249 - root - INFO - 0.014 	 pubg:bitskins.com server cache updated
2018-04-23 20:55:09,256 - root - INFO - 0.006 	 pubg:bitskins.com last time updated
2018-04-23 20:55:09,474 - root - INFO - 4.611 	 pubg:c5game.com upd loaded
2018-04-23 20:55:09,498 - root - INFO - 0.000 	 pubg:c5game.com av dropped
2018-04-23 20:55:09,511 - root - INFO - 0.013 	 pubg:c5game.com server cache updated
2018-04-23 20:55:09,515 - root - INFO - 0.003 	 pubg:c5game.com last time updated
2018-04-23 20:55:09,600 - root - INFO - 0.463 	 dota2:loot.farm upd loaded
2018-04-23 20:55:09,807 - root - INFO - 0.005 	 dota2:loot.farm av dropped
2018-04-23 20:55:09,913 - root - INFO - 0.105 	 dota2:loot.farm server cache updated
2018-04-23 20:55:09,918 - root - INFO - 0.005 	 dota2:loot.farm last time updated
2018-04-23 20:55:11,018 - root - INFO - 2.879 	 dota2:bitskins.com upd loaded
2018-04-23 20:55:11,210 - root - INFO - 0.005 	 dota2:bitskins.com av dropped
2018-04-23 20:55:11,327 - root - INFO - 0.117 	 dota2:bitskins.com server cache updated
2018-04-23 20:55:11,331 - root - INFO - 0.004 	 dota2:bitskins.com last time updated
2018-04-23 20:55:13,662 - root - INFO - 5.766 	 h1z1:c5game.com upd loaded
2018-04-23 20:55:13,685 - root - INFO - 0.002 	 h1z1:c5game.com av dropped
2018-04-23 20:55:13,700 - root - INFO - 0.015 	 h1z1:c5game.com server cache updated
2018-04-23 20:55:13,706 - root - INFO - 0.006 	 h1z1:c5game.com last time updated
2018-04-23 20:55:15,017 - root - INFO - 0.760 	 pubg:bitskins.com upd loaded
2018-04-23 20:55:15,030 - root - INFO - 0.000 	 pubg:bitskins.com av dropped
2018-04-23 20:55:15,040 - root - INFO - 0.010 	 pubg:bitskins.com server cache updated
2018-04-23 20:55:15,044 - root - INFO - 0.004 	 pubg:bitskins.com last time updated
2018-04-23 20:55:15,810 - root - INFO - 1.291 	 pubg:c5game.com pages links generated
2018-04-23 20:55:15,834 - root - INFO - 0.916 	 dota2:loot.farm upd loaded
2018-04-23 20:55:16,030 - root - INFO - 0.006 	 dota2:loot.farm av dropped
2018-04-23 20:55:16,147 - root - INFO - 0.116 	 dota2:loot.farm server cache updated
2018-04-23 20:55:16,153 - root - INFO - 0.006 	 dota2:loot.farm last time updated
2018-04-23 20:55:18,207 - root - INFO - 6.324 	 dota2:dota.money upd loaded
2018-04-23 20:55:18,575 - root - INFO - 0.026 	 dota2:dota.money av dropped
2018-04-23 20:55:18,736 - root - INFO - 0.158 	 dota2:dota.money server cache updated
2018-04-23 20:55:18,742 - root - INFO - 0.006 	 dota2:dota.money last time updated
2018-04-23 20:55:18,929 - root - INFO - 2.596 	 dota2:bitskins.com upd loaded
2018-04-23 20:55:19,062 - root - INFO - 20.308 	 h1z1:tradeit.gg upd loaded
2018-04-23 20:55:19,094 - root - INFO - 0.000 	 h1z1:tradeit.gg av dropped
2018-04-23 20:55:19,110 - root - INFO - 0.014 	 h1z1:tradeit.gg server cache updated
2018-04-23 20:55:19,116 - root - INFO - 0.005 	 h1z1:tradeit.gg last time updated
2018-04-23 20:55:19,240 - root - INFO - 0.007 	 dota2:bitskins.com av dropped
2018-04-23 20:55:19,356 - root - INFO - 4.841 	 pubg:c5game.com upd loaded
2018-04-23 20:55:19,414 - root - INFO - 0.174 	 dota2:bitskins.com server cache updated
2018-04-23 20:55:19,423 - root - INFO - 0.008 	 dota2:bitskins.com last time updated
2018-04-23 20:55:19,429 - root - INFO - 0.001 	 pubg:c5game.com av dropped
2018-04-23 20:55:19,441 - root - INFO - 0.011 	 pubg:c5game.com server cache updated
2018-04-23 20:55:19,445 - root - INFO - 0.004 	 pubg:c5game.com last time updated
2018-04-23 20:55:19,636 - root - INFO - 20.256 	 dota2:tradeit.gg upd loaded
2018-04-23 20:55:19,830 - root - INFO - 0.007 	 dota2:tradeit.gg av dropped
2018-04-23 20:55:19,837 - root - INFO - 1.098 	 h1z1:c5game.com pages links generated
2018-04-23 20:55:19,928 - root - INFO - 0.098 	 dota2:tradeit.gg server cache updated
2018-04-23 20:55:19,932 - root - INFO - 0.004 	 dota2:tradeit.gg last time updated
2018-04-23 20:55:20,971 - root - INFO - 0.926 	 pubg:bitskins.com upd loaded
2018-04-23 20:55:20,985 - root - INFO - 0.000 	 pubg:bitskins.com av dropped
2018-04-23 20:55:20,994 - root - INFO - 0.009 	 pubg:bitskins.com server cache updated
2018-04-23 20:55:20,997 - root - INFO - 0.003 	 pubg:bitskins.com last time updated
2018-04-23 20:55:21,770 - root - INFO - 0.615 	 dota2:loot.farm upd loaded
2018-04-23 20:55:21,979 - root - INFO - 0.005 	 dota2:loot.farm av dropped
2018-04-23 20:55:22,084 - root - INFO - 0.105 	 dota2:loot.farm server cache updated
2018-04-23 20:55:22,089 - root - INFO - 0.004 	 dota2:loot.farm last time updated
2018-04-23 20:55:22,319 - root - INFO - 4.116 	 h1z1:swap.gg upd loaded
2018-04-23 20:55:22,340 - root - INFO - 0.001 	 h1z1:swap.gg av dropped
2018-04-23 20:55:22,349 - root - INFO - 0.009 	 h1z1:swap.gg server cache updated
2018-04-23 20:55:22,354 - root - INFO - 0.005 	 h1z1:swap.gg last time updated
2018-04-23 20:55:22,379 - root - INFO - 3.932 	 pubg:swap.gg upd loaded
2018-04-23 20:55:22,393 - root - INFO - 0.000 	 pubg:swap.gg av dropped
2018-04-23 20:55:22,400 - root - INFO - 0.006 	 pubg:swap.gg server cache updated
2018-04-23 20:55:22,404 - root - INFO - 0.004 	 pubg:swap.gg last time updated
2018-04-23 20:55:24,616 - root - INFO - 5.909 	 h1z1:c5game.com upd loaded
2018-04-23 20:55:24,634 - root - INFO - 0.001 	 h1z1:c5game.com av dropped
2018-04-23 20:55:24,648 - root - INFO - 0.014 	 h1z1:c5game.com server cache updated
2018-04-23 20:55:24,651 - root - INFO - 0.003 	 h1z1:c5game.com last time updated
2018-04-23 20:55:25,290 - root - INFO - STATUS 1:True cache_layer {'storage': <DictProxy object, typeid 'dict' at 0x103fa5160>}
2018-04-23 20:55:25,290 - root - INFO - STATUS 2:True legacy_api {'storage': <DictProxy object, typeid 'dict' at 0x103fa5160>}
2018-04-23 20:55:25,290 - root - INFO - STATUS 3:True parser_wrapper {'storage': <DictProxy object, typeid 'dict' at 0x103fa5160>, 'proxy': None, 'game': 'meta', 'market': 'currencies', 'drop_av': False, 'parser': <function currencies at 0x104835158>}
2018-04-23 20:55:25,291 - root - INFO - STATUS 4:True parser_wrapper {'storage': <DictProxy object, typeid 'dict' at 0x103fa5160>, 'proxy': None, 'game': 'dota2', 'market': 'opskins.com', 'parser': <function opskins at 0x105015ae8>}
2018-04-23 20:55:25,291 - root - INFO - STATUS 5:True parser_wrapper {'storage': <DictProxy object, typeid 'dict' at 0x103fa5160>, 'proxy': None, 'game': 'dota2', 'market': 'dota.money', 'parser': <function dotamoney at 0x105015b70>}
2018-04-23 20:55:25,291 - root - INFO - STATUS 6:True parser_wrapper {'storage': <DictProxy object, typeid 'dict' at 0x103fa5160>, 'proxy': None, 'bs-token': <pyotp.totp.TOTP object at 0x10344bb38>, 'bs-api-key': '6651e3e2-5842-4538-8b91-12f67211fabe', 'game': 'dota2', 'market': 'bitskins.com', 'sale_purchase': False, 'parser': <function bitskins at 0x105015bf8>}
2018-04-23 20:55:25,291 - root - INFO - STATUS 7:True parser_wrapper {'storage': <DictProxy object, typeid 'dict' at 0x103fa5160>, 'proxy': None, 'game': 'dota2', 'market': 'loot.farm', 'parser': <function lootfarm at 0x105015c80>}
2018-04-23 20:55:25,291 - root - INFO - STATUS 8:True parser_wrapper {'storage': <DictProxy object, typeid 'dict' at 0x103fa5160>, 'proxy': None, 'game': 'dota2', 'market': 'tradeit.gg', 'parser': <function tradeit at 0x105015d08>}
2018-04-23 20:55:25,292 - root - INFO - STATUS 9:True parser_wrapper {'storage': <DictProxy object, typeid 'dict' at 0x103fa5160>, 'proxy': None, 'game': 'pubg', 'market': 'loot.farm', 'parser': <function lootfarm at 0x105015d90>}
2018-04-23 20:55:25,292 - root - INFO - STATUS 10:True parser_wrapper {'storage': <DictProxy object, typeid 'dict' at 0x103fa5160>, 'game': 'pubg', 'market': 'c5game.com', 'parser': <function c5game at 0x105015ea0>, 'sale_purchase': True, 'proxy': 'Dqjyqm:aDHhft@185.232.171.109:9137'}
2018-04-23 20:55:25,292 - root - INFO - STATUS 11:True parser_wrapper {'storage': <DictProxy object, typeid 'dict' at 0x103fa5160>, 'proxy': None, 'game': 'pubg', 'market': 'opskins.com', 'parser': <function opskins at 0x1050220d0>}
2018-04-23 20:55:25,292 - root - INFO - STATUS 12:True parser_wrapper {'storage': <DictProxy object, typeid 'dict' at 0x103fa5160>, 'proxy': None, 'game': 'pubg', 'market': 'tradeit.gg', 'parser': <function tradeit at 0x1050221e0>}
2018-04-23 20:55:25,292 - root - INFO - STATUS 13:True parser_wrapper {'storage': <DictProxy object, typeid 'dict' at 0x103fa5160>, 'proxy': None, 'game': 'pubg', 'market': 'swap.gg', 'parser': <function swapgg at 0x105022268>}
2018-04-23 20:55:25,292 - root - INFO - STATUS 14:True parser_wrapper {'storage': <DictProxy object, typeid 'dict' at 0x103fa5160>, 'proxy': None, 'bs-token': <pyotp.totp.TOTP object at 0x10344bb38>, 'bs-api-key': '6651e3e2-5842-4538-8b91-12f67211fabe', 'game': 'pubg', 'market': 'bitskins.com', 'sale_purchase': False, 'parser': <function bitskins at 0x1050222f0>}
2018-04-23 20:55:25,293 - root - INFO - STATUS 15:True parser_wrapper {'storage': <DictProxy object, typeid 'dict' at 0x103fa5160>, 'game': 'h1z1', 'market': 'c5game.com', 'parser': <function c5game at 0x105022400>, 'sale_purchase': True, 'proxy': 'Dqjyqm:aDHhft@185.232.171.109:9137'}
2018-04-23 20:55:25,293 - root - INFO - STATUS 16:True parser_wrapper {'storage': <DictProxy object, typeid 'dict' at 0x103fa5160>, 'proxy': None, 'game': 'h1z1', 'market': 'opskins.com', 'parser': <function opskins at 0x105022378>}
2018-04-23 20:55:25,293 - root - INFO - STATUS 17:True parser_wrapper {'storage': <DictProxy object, typeid 'dict' at 0x103fa5160>, 'proxy': None, 'game': 'h1z1', 'market': 'tradeit.gg', 'parser': <function tradeit at 0x105022598>}
2018-04-23 20:55:25,293 - root - INFO - STATUS 18:True parser_wrapper {'storage': <DictProxy object, typeid 'dict' at 0x103fa5160>, 'proxy': None, 'game': 'h1z1', 'market': 'swap.gg', 'parser': <function swapgg at 0x105022620>}
2018-04-23 20:55:25,596 - root - INFO - 1.143 	 pubg:c5game.com pages links generated
2018-04-23 20:55:26,468 - root - INFO - 0.403 	 h1z1:opskins.com upd loaded
2018-04-23 20:55:26,501 - root - INFO - 0.000 	 h1z1:opskins.com av dropped
2018-04-23 20:55:26,510 - root - INFO - 0.008 	 h1z1:opskins.com server cache updated
2018-04-23 20:55:26,513 - root - INFO - 0.003 	 h1z1:opskins.com last time updated
2018-04-23 20:55:26,745 - root - INFO - 0.747 	 pubg:bitskins.com upd loaded
2018-04-23 20:55:26,757 - root - INFO - 0.000 	 pubg:bitskins.com av dropped
2018-04-23 20:55:26,768 - root - INFO - 0.010 	 pubg:bitskins.com server cache updated
2018-04-23 20:55:26,771 - root - INFO - 0.003 	 pubg:bitskins.com last time updated
2018-04-23 20:55:26,843 - root - INFO - 0.482 	 pubg:opskins.com upd loaded
2018-04-23 20:55:26,855 - root - INFO - 0.000 	 pubg:opskins.com av dropped
2018-04-23 20:55:26,862 - root - INFO - 0.007 	 pubg:opskins.com server cache updated
2018-04-23 20:55:26,866 - root - INFO - 0.003 	 pubg:opskins.com last time updated
2018-04-23 20:55:27,935 - root - INFO - 3.511 	 dota2:bitskins.com upd loaded
2018-04-23 20:55:28,128 - root - INFO - 0.006 	 dota2:bitskins.com av dropped
2018-04-23 20:55:28,238 - root - INFO - 0.110 	 dota2:bitskins.com server cache updated
2018-04-23 20:55:28,242 - root - INFO - 0.004 	 dota2:bitskins.com last time updated
